<?xml version="1.0" encoding="UTF-8"?>
<testsuite xmlns:xsi="http://www.w3.org/2001/XMLSchema-instance" xsi:noNamespaceSchemaLocation="https://maven.apache.org/surefire/maven-surefire-plugin/xsd/surefire-test-report-3.0.xsd" version="3.0" name="com.testlab1.CompanyServiceTest" time="0.126" tests="10" errors="9" skipped="0" failures="0">
  <properties>
[...]
</properties>
  <testcase name="testGetTopLevelParent_NullInput" classname="com.testlab1.CompanyServiceTest" time="0.038">
    <error message="Unimplemented method &apos;getTopLevelParent&apos;" type="java.lang.UnsupportedOperationException"><![CDATA[java.lang.UnsupportedOperationException: Unimplemented method 'getTopLevelParent'
	at com.testlab1.CompanyServiceImpl.getTopLevelParent(CompanyServiceImpl.java:9)
	at com.testlab1.CompanyServiceTest.testGetTopLevelParent_NullInput(CompanyServiceTest.java:117)
]]></error>
  </testcase>
  <testcase name="testEmployeeCount_EmptyList" classname="com.testlab1.CompanyServiceTest" time="0.011">
    <error message="Unimplemented method &apos;getEmployeeCountForCompanyAndChildren&apos;" type="java.lang.UnsupportedOperationException"><![CDATA[java.lang.UnsupportedOperationException: Unimplemented method 'getEmployeeCountForCompanyAndChildren'
	at com.testlab1.CompanyServiceImpl.getEmployeeCountForCompanyAndChildren(CompanyServiceImpl.java:14)
	at com.testlab1.CompanyServiceTest.testEmployeeCount_EmptyList(CompanyServiceTest.java:66)
]]></error>
  </testcase>
  <testcase name="testEmployeeCount_NoChildren" classname="com.testlab1.CompanyServiceTest" time="0.008">
    <error message="Unimplemented method &apos;getEmployeeCountForCompanyAndChildren&apos;" type="java.lang.UnsupportedOperationException"><![CDATA[java.lang.UnsupportedOperationException: Unimplemented method 'getEmployeeCountForCompanyAndChildren'
	at com.testlab1.CompanyServiceImpl.getEmployeeCountForCompanyAndChildren(CompanyServiceImpl.java:14)
	at com.testlab1.CompanyServiceTest.testEmployeeCount_NoChildren(CompanyServiceTest.java:36)
]]></error>
  </testcase>
  <testcase name="testEmployeeCount_SimpleTree" classname="com.testlab1.CompanyServiceTest" time="0.005">
    <error message="Unimplemented method &apos;getEmployeeCountForCompanyAndChildren&apos;" type="java.lang.UnsupportedOperationException"><![CDATA[java.lang.UnsupportedOperationException: Unimplemented method 'getEmployeeCountForCompanyAndChildren'
	at com.testlab1.CompanyServiceImpl.getEmployeeCountForCompanyAndChildren(CompanyServiceImpl.java:14)
	at com.testlab1.CompanyServiceTest.testEmployeeCount_SimpleTree(CompanyServiceTest.java:48)
]]></error>
  </testcase>
  <testcase name="testGetTopLevelParent_WhenAlreadyRoot" classname="com.testlab1.CompanyServiceTest" time="0.0">
    <error message="Unimplemented method &apos;getTopLevelParent&apos;" type="java.lang.UnsupportedOperationException"><![CDATA[java.lang.UnsupportedOperationException: Unimplemented method 'getTopLevelParent'
	at com.testlab1.CompanyServiceImpl.getTopLevelParent(CompanyServiceImpl.java:9)
	at com.testlab1.CompanyServiceTest.testGetTopLevelParent_WhenAlreadyRoot(CompanyServiceTest.java:26)
]]></error>
  </testcase>
  <testcase name="testEmployeeCount_MultipleSubtrees" classname="com.testlab1.CompanyServiceTest" time="0.0">
    <error message="Unimplemented method &apos;getEmployeeCountForCompanyAndChildren&apos;" type="java.lang.UnsupportedOperationException"><![CDATA[java.lang.UnsupportedOperationException: Unimplemented method 'getEmployeeCountForCompanyAndChildren'
	at com.testlab1.CompanyServiceImpl.getEmployeeCountForCompanyAndChildren(CompanyServiceImpl.java:14)
	at com.testlab1.CompanyServiceTest.testEmployeeCount_MultipleSubtrees(CompanyServiceTest.java:110)
]]></error>
  </testcase>
  <testcase name="testGetTopLevelParent_FromDeepLevel" classname="com.testlab1.CompanyServiceTest" time="0.005">
    <error message="Unimplemented method &apos;getTopLevelParent&apos;" type="java.lang.UnsupportedOperationException"><![CDATA[java.lang.UnsupportedOperationException: Unimplemented method 'getTopLevelParent'
	at com.testlab1.CompanyServiceImpl.getTopLevelParent(CompanyServiceImpl.java:9)
	at com.testlab1.CompanyServiceTest.testGetTopLevelParent_FromDeepLevel(CompanyServiceTest.java:18)
]]></error>
  </testcase>
  <testcase name="testEmployeeCount_DeepHierarchy" classname="com.testlab1.CompanyServiceTest" time="0.0">
    <error message="Unimplemented method &apos;getEmployeeCountForCompanyAndChildren&apos;" type="java.lang.UnsupportedOperationException"><![CDATA[java.lang.UnsupportedOperationException: Unimplemented method 'getEmployeeCountForCompanyAndChildren'
	at com.testlab1.CompanyServiceImpl.getEmployeeCountForCompanyAndChildren(CompanyServiceImpl.java:14)
	at com.testlab1.CompanyServiceTest.testEmployeeCount_DeepHierarchy(CompanyServiceTest.java:95)
]]></error>
  </testcase>
  <testcase name="testEmployeeCount_DisconnectedCompanies" classname="com.testlab1.CompanyServiceTest" time="0.005">
    <error message="Unimplemented method &apos;getEmployeeCountForCompanyAndChildren&apos;" type="java.lang.UnsupportedOperationException"><![CDATA[java.lang.UnsupportedOperationException: Unimplemented method 'getEmployeeCountForCompanyAndChildren'
	at com.testlab1.CompanyServiceImpl.getEmployeeCountForCompanyAndChildren(CompanyServiceImpl.java:14)
	at com.testlab1.CompanyServiceTest.testEmployeeCount_DisconnectedCompanies(CompanyServiceTest.java:77)
]]></error>
  </testcase>
  <testcase name="testTopLevelParent_LoopProtection" classname="com.testlab1.CompanyServiceTest" time="0.0"/>
</testsuite>